\BOOKMARK [0][-]{chapter*.1}{\376\377\144\130\211\201}{}% 1
\BOOKMARK [0][-]{chapter*.2}{\376\377\000A\000B\000S\000T\000R\000A\000C\000T}{}% 2
\BOOKMARK [0][-]{chapter.1}{\376\377\176\352\213\272}{}% 3
\BOOKMARK [1][-]{section.1.1}{\376\377\213\376\230\230\200\314\146\157}{chapter.1}% 4
\BOOKMARK [1][-]{section.1.2}{\376\377\170\024\172\166\163\260\162\266}{chapter.1}% 5
\BOOKMARK [0][-]{chapter.2}{\376\377\134\076\170\002\200\366\176\323\121\105\130\153\117\123\122\233\133\146\162\171\140\047\170\024\172\166}{}% 6
\BOOKMARK [1][-]{section.2.1}{\376\377\134\076\170\002\200\366\176\323\121\105\130\153\117\123\166\204\162\151\164\006\122\233\133\146\140\047\200\375\123\312\200\366\121\335\147\072\164\006}{chapter.2}% 7
\BOOKMARK [2][-]{subsection.2.1.1}{\376\377\134\076\170\002\200\366\176\323\121\105\130\153\117\123\166\204\162\151\164\006\122\233\133\146\140\047\200\375}{section.2.1}% 8
\BOOKMARK [2][-]{subsection.2.1.2}{\376\377\134\076\170\002\200\366\176\323\121\105\130\153\117\123\166\204\200\366\121\335\147\072\164\006}{section.2.1}% 9
\BOOKMARK [0][-]{chapter.3}{\376\377\116\000\176\247\150\007\230\230}{}% 10
\BOOKMARK [1][-]{section.3.1}{\376\377\116\214\176\247\150\007\230\230}{chapter.3}% 11
\BOOKMARK [2][-]{subsection.3.1.1}{\376\377\116\011\176\247\150\007\230\230}{section.3.1}% 12
\BOOKMARK [2][-]{subsection.3.1.2}{\376\377\116\011\176\247\150\007\230\230}{section.3.1}% 13
\BOOKMARK [0][-]{chapter.4}{\376\377\116\000\176\247\150\007\230\230}{}% 14
\BOOKMARK [1][-]{section.4.1}{\376\377\116\214\176\247\150\007\230\230}{chapter.4}% 15
\BOOKMARK [2][-]{subsection.4.1.1}{\376\377\116\011\176\247\150\007\230\230}{section.4.1}% 16
\BOOKMARK [2][-]{subsection.4.1.2}{\376\377\116\011\176\247\150\007\230\230}{section.4.1}% 17
\BOOKMARK [0][-]{chapter.5}{\376\377\116\000\176\247\150\007\230\230}{}% 18
\BOOKMARK [1][-]{section.5.1}{\376\377\116\214\176\247\150\007\230\230}{chapter.5}% 19
\BOOKMARK [2][-]{subsection.5.1.1}{\376\377\116\011\176\247\150\007\230\230}{section.5.1}% 20
\BOOKMARK [2][-]{subsection.5.1.2}{\376\377\116\011\176\247\150\007\230\230}{section.5.1}% 21
\BOOKMARK [0][-]{chapter.6}{\376\377\116\000\176\247\150\007\230\230}{}% 22
\BOOKMARK [1][-]{section.6.1}{\376\377\116\214\176\247\150\007\230\230}{chapter.6}% 23
\BOOKMARK [2][-]{subsection.6.1.1}{\376\377\116\011\176\247\150\007\230\230}{section.6.1}% 24
\BOOKMARK [2][-]{subsection.6.1.2}{\376\377\116\011\176\247\150\007\230\230}{section.6.1}% 25
\BOOKMARK [0][-]{chapter*.4}{\376\377\176\323\213\272}{}% 26
\BOOKMARK [0][-]{chapter*.4}{\376\377\123\302\200\003\145\207\163\056}{}% 27
\BOOKMARK [0][-]{chapter*.6}{\376\377\226\104\137\125}{}% 28
\BOOKMARK [0][-]{chapter*.8}{\376\377\201\364\000\040\000\040\214\042}{}% 29
